<?xml version="1.0" encoding="UTF-8"?>
<!-- Generated by org.testng.reporters.JUnitReportReporter -->
<testsuite hostname="LAPTOP-RNB12672" failures="0" tests="1" name="com.testcases.OrgHrmLogin_TestCase" time="17.953" errors="0" timestamp="2023-11-01T16:15:00 IST" skipped="0">
  <testcase classname="com.testcases.OrgHrmLogin_TestCase" name="logintestcase" time="17.953"/>
  <system-out/>
</testsuite> <!-- com.testcases.OrgHrmLogin_TestCase -->
